<?xml version="1.0" encoding="UTF-8"?>
<coverage generated="1724695657005" clover="3.2.0">
  <project timestamp="1724695657005" name="All files">
    <metrics statements="29" coveredstatements="25" conditionals="4" coveredconditionals="2" methods="3" coveredmethods="1" elements="36" coveredelements="28" complexity="0" loc="29" ncloc="29" packages="1" files="1" classes="1"/>
    <file name="server.js" path="D:\Projetos\React\node-backend-kickstart\projects\teste2\src\server.js">
      <metrics statements="29" coveredstatements="25" conditionals="4" coveredconditionals="2" methods="3" coveredmethods="1"/>
      <line num="1" count="1" type="stmt"/>
      <line num="2" count="1" type="stmt"/>
      <line num="3" count="1" type="stmt"/>
      <line num="4" count="1" type="stmt"/>
      <line num="5" count="1" type="stmt"/>
      <line num="6" count="1" type="stmt"/>
      <line num="7" count="1" type="stmt"/>
      <line num="8" count="1" type="stmt"/>
      <line num="9" count="1" type="stmt"/>
      <line num="11" count="1" type="stmt"/>
      <line num="13" count="1" type="stmt"/>
      <line num="14" count="1" type="cond" truecount="1" falsecount="1"/>
      <line num="17" count="1" type="stmt"/>
      <line num="18" count="1" type="stmt"/>
      <line num="19" count="1" type="stmt"/>
      <line num="20" count="1" type="stmt"/>
      <line num="21" count="1" type="stmt"/>
      <line num="26" count="1" type="stmt"/>
      <line num="27" count="1" type="stmt"/>
      <line num="30" count="1" type="stmt"/>
      <line num="33" count="1" type="stmt"/>
      <line num="34" count="97" type="stmt"/>
      <line num="38" count="1" type="stmt"/>
      <line num="39" count="0" type="stmt"/>
      <line num="40" count="0" type="stmt"/>
      <line num="44" count="1" type="cond" truecount="1" falsecount="1"/>
      <line num="45" count="0" type="stmt"/>
      <line num="46" count="0" type="stmt"/>
      <line num="50" count="1" type="stmt"/>
    </file>
  </project>
</coverage>
